<?xml version="1.0" encoding="UTF-8"?>
<testng-results ignored="0" total="1" passed="1" failed="0" skipped="0">
  <reporter-output>
  </reporter-output>
  <suite started-at="2022-04-08T04:21:07Z" name="Default suite" finished-at="2022-04-08T04:21:28Z" duration-ms="21860">
    <groups>
    </groups>
    <test started-at="2022-04-08T04:21:07Z" name="Default test" finished-at="2022-04-08T04:21:28Z" duration-ms="21860">
      <class name="automation.testcases.Validate_errors_are_gone">
        <test-method is-config="true" signature="configBrowser()[pri:0, instance:automation.testcases.Validate_errors_are_gone@74bf1791]" started-at="2022-04-08T14:21:07Z" name="configBrowser" finished-at="2022-04-08T14:21:23Z" duration-ms="16981" status="PASS">
          <reporter-output>
          </reporter-output>
        </test-method> <!-- configBrowser -->
        <test-method signature="validateErrors()[pri:1, instance:automation.testcases.Validate_errors_are_gone@74bf1791]" started-at="2022-04-08T14:21:24Z" name="validateErrors" finished-at="2022-04-08T14:21:28Z" duration-ms="4771" status="PASS">
          <reporter-output>
          </reporter-output>
        </test-method> <!-- validateErrors -->
      </class> <!-- automation.testcases.Validate_errors_are_gone -->
    </test> <!-- Default test -->
  </suite> <!-- Default suite -->
</testng-results>
