<?xml version="1.0" encoding="UTF-8"?>
<!-- Generated by org.testng.reporters.JUnitXMLReporter -->
<testsuite ignored="0" hostname="LAPTOP-0MQ7D81P" failures="0" tests="1" name=" Validate_itemsincart " time="36.236" errors="0" timestamp="2022-05-02T21:38:51 AEST">
  <testcase classname="reusablemethods.base.TestBase" name="@AfterClass closeBrowser" time="-1.651491530941E9">
    <failure type="org.testng.TestNGException" message="
Can inject only one of &amp;lt;ITestContext, XmlTest&amp;gt; into a @AfterClass annotated closeBrowser.
For more information on native dependency injection please refer to https://testng.org/doc/documentation-main.html#native-dependency-injection">
      <![CDATA[org.testng.TestNGException: 
Can inject only one of <ITestContext, XmlTest> into a @AfterClass annotated closeBrowser.
For more information on native dependency injection please refer to https://testng.org/doc/documentation-main.html#native-dependency-injection
at java.base/java.util.concurrent.ThreadPoolExecutor.runWorker(ThreadPoolExecutor.java:1130)
at java.base/java.util.concurrent.ThreadPoolExecutor$Worker.run(ThreadPoolExecutor.java:630)
at java.base/java.lang.Thread.run(Thread.java:831)
... Removed 7 stack frames]]>
    </failure>
  </testcase> <!-- @AfterClass closeBrowser -->
  <testcase classname="automation.testcases.Verify_itemsincart" name="verifyItemsinCart" time="4.94"/>
</testsuite> <!--  Validate_itemsincart  -->
