<?xml version="1.0" encoding="UTF-8"?>
<!-- Generated by org.testng.reporters.JUnitXMLReporter -->
<testsuite ignored="0" hostname="LAPTOP-0MQ7D81P" failures="0" tests="4" name=" Validate_errors_are_gone " time="58.841" errors="0" timestamp="2022-05-03T10:48:58 AEST">
  <testcase classname="automation.testcases.Verify_itemsincart" name="verifyItemsinCart" time="8.552"/>
  <testcase classname="automation.testcases.Validate_errors_invalid_data" name="invalidDataErrors" time="2.428"/>
  <testcase classname="automation.testcases.Validate_errors_are_gone" name="validateErrors" time="12.074"/>
  <testcase classname="automation.testcases.Validate_Successful_Message" name="validateSuccess" time="29.046"/>
</testsuite> <!--  Validate_errors_are_gone  -->
